Arguments: 
  C:\Program Files\nodejs\node.exe C:\Users\Designer\AppData\Roaming\npm\node_modules\yarn\bin\yarn.js add bootstrap-sass

PATH: 
  C:\Windows\system32;C:\Windows;C:\Windows\System32\Wbem;C:\Windows\System32\WindowsPowerShell\v1.0\;C:\Program Files (x86)\NVIDIA Corporation\PhysX\Common;C:\Program Files\nodejs\;C:\Program Files\Git\cmd;C:\Ruby22\bin;C:\Users\Designer\AppData\Roaming\npm;C:\Users\Designer\AppData\Local\atom\bin

Yarn version: 
  0.27.5

Node version: 
  6.11.0

Platform: 
  win32 x64

npm manifest: 
  No manifest

yarn manifest: 
  No manifest

Lockfile: 
  No lockfile

Trace: 
  Error: connect ETIMEDOUT 104.16.59.173:443
      at Object.exports._errnoException (util.js:1018:11)
      at exports._exceptionWithHostPort (util.js:1041:20)
      at TCPConnectWrap.afterConnect [as oncomplete] (net.js:1086:14)
